This file contains any messages produced by compilers while
running configure, to aid debugging if configure makes a mistake.

It was created by wp configure 0.1, which was
generated by GNU Autoconf 2.61.  Invocation command line was

  $ ./configure 

## --------- ##
## Platform. ##
## --------- ##

hostname = thunk
uname -m = i686
uname -r = 2.6.24-12-generic
uname -s = Linux
uname -v = #1 SMP Wed Mar 12 23:01:54 UTC 2008

/usr/bin/uname -p = unknown
/bin/uname -X     = unknown

/bin/arch              = unknown
/usr/bin/arch -k       = unknown
/usr/convex/getsysinfo = unknown
/usr/bin/hostinfo      = unknown
/bin/machine           = unknown
/usr/bin/oslevel       = unknown
/bin/universe          = unknown

PATH: /home/cjb/bin
PATH: /usr/local/sbin
PATH: /usr/local/bin
PATH: /usr/sbin
PATH: /usr/bin
PATH: /sbin
PATH: /bin
PATH: /usr/games
PATH: /sbin
PATH: /usr/sbin
PATH: /home/cjb/bin
PATH: /opt/bin


## ----------- ##
## Core tests. ##
## ----------- ##

configure:1729: checking for a BSD-compatible install
configure:1785: result: /usr/bin/install -c
configure:1796: checking whether build environment is sane
configure:1839: result: yes
configure:1867: checking for a thread-safe mkdir -p
configure:1906: result: /bin/mkdir -p
configure:1919: checking for gawk
configure:1949: result: no
configure:1919: checking for mawk
configure:1935: found /usr/bin/mawk
configure:1946: result: mawk
configure:1957: checking whether make sets $(MAKE)
configure:1978: result: yes
configure:2215: checking for gcc
configure:2231: found /usr/bin/gcc
configure:2242: result: gcc
configure:2480: checking for C compiler version
configure:2487: gcc --version >&5
gcc (GCC) 4.2.3 (Ubuntu 4.2.3-2ubuntu7)
Copyright (C) 2007 Free Software Foundation, Inc.
This is free software; see the source for copying conditions.  There is NO
warranty; not even for MERCHANTABILITY or FITNESS FOR A PARTICULAR PURPOSE.

configure:2490: $? = 0
configure:2497: gcc -v >&5
Using built-in specs.
Target: i486-linux-gnu
Configured with: ../src/configure -v --enable-languages=c,c++,fortran,objc,obj-c++,treelang --prefix=/usr --enable-shared --with-system-zlib --libexecdir=/usr/lib --without-included-gettext --enable-threads=posix --enable-nls --with-gxx-include-dir=/usr/include/c++/4.2 --program-suffix=-4.2 --enable-clocale=gnu --enable-libstdcxx-debug --enable-objc-gc --enable-mpfr --enable-targets=all --enable-checking=release --build=i486-linux-gnu --host=i486-linux-gnu --target=i486-linux-gnu
Thread model: posix
gcc version 4.2.3 (Ubuntu 4.2.3-2ubuntu7)
configure:2500: $? = 0
configure:2507: gcc -V >&5
gcc: '-V' option must have argument
configure:2510: $? = 1
configure:2533: checking for C compiler default output file name
configure:2560: gcc    conftest.c  >&5
configure:2563: $? = 0
configure:2601: result: a.out
configure:2618: checking whether the C compiler works
configure:2628: ./a.out
configure:2631: $? = 0
configure:2648: result: yes
configure:2655: checking whether we are cross compiling
configure:2657: result: no
configure:2660: checking for suffix of executables
configure:2667: gcc -o conftest    conftest.c  >&5
configure:2670: $? = 0
configure:2694: result: 
configure:2700: checking for suffix of object files
configure:2726: gcc -c   conftest.c >&5
configure:2729: $? = 0
configure:2752: result: o
configure:2756: checking whether we are using the GNU C compiler
configure:2785: gcc -c   conftest.c >&5
configure:2791: $? = 0
configure:2808: result: yes
configure:2813: checking whether gcc accepts -g
configure:2843: gcc -c -g  conftest.c >&5
configure:2849: $? = 0
configure:2948: result: yes
configure:2965: checking for gcc option to accept ISO C89
configure:3039: gcc  -c -g -O2  conftest.c >&5
configure:3045: $? = 0
configure:3068: result: none needed
configure:3097: checking for style of include used by make
configure:3125: result: GNU
configure:3150: checking dependency style of gcc
configure:3241: result: gcc3
configure:3259: checking for BZ2_bzBuffToBuffDecompress in -lbz2
configure:3294: gcc -o conftest -g -O2   conftest.c -lbz2   >&5
configure:3300: $? = 0
configure:3318: result: yes
configure:3337: checking for initscr in -lncurses
configure:3372: gcc -o conftest -g -O2   conftest.c -lncurses  -lbz2  >&5
configure:3378: $? = 0
configure:3396: result: yes
configure:3416: checking whether gcc and cc understand -c and -o together
configure:3451: gcc -c conftest.c -o conftest2.o >&5
configure:3454: $? = 0
configure:3460: gcc -c conftest.c -o conftest2.o >&5
configure:3463: $? = 0
configure:3474: cc -c conftest.c >&5
configure:3477: $? = 0
configure:3485: cc -c conftest.c -o conftest2.o >&5
configure:3488: $? = 0
configure:3494: cc -c conftest.c -o conftest2.o >&5
configure:3497: $? = 0
configure:3515: result: yes
configure:3688: creating ./config.status

## ---------------------- ##
## Running config.status. ##
## ---------------------- ##

This file was extended by wp config.status 0.1, which was
generated by GNU Autoconf 2.61.  Invocation command line was

  CONFIG_FILES    = 
  CONFIG_HEADERS  = 
  CONFIG_LINKS    = 
  CONFIG_COMMANDS = 
  $ ./config.status 

on thunk

config.status:615: creating Makefile
config.status:806: executing depfiles commands

## ---------------- ##
## Cache variables. ##
## ---------------- ##

ac_cv_c_compiler_gnu=yes
ac_cv_env_CC_set=
ac_cv_env_CC_value=
ac_cv_env_CFLAGS_set=
ac_cv_env_CFLAGS_value=
ac_cv_env_CPPFLAGS_set=
ac_cv_env_CPPFLAGS_value=
ac_cv_env_LDFLAGS_set=
ac_cv_env_LDFLAGS_value=
ac_cv_env_LIBS_set=
ac_cv_env_LIBS_value=
ac_cv_env_build_alias_set=
ac_cv_env_build_alias_value=
ac_cv_env_host_alias_set=
ac_cv_env_host_alias_value=
ac_cv_env_target_alias_set=
ac_cv_env_target_alias_value=
ac_cv_lib_bz2_BZ2_bzBuffToBuffDecompress=yes
ac_cv_lib_ncurses_initscr=yes
ac_cv_objext=o
ac_cv_path_install='/usr/bin/install -c'
ac_cv_path_mkdir=/bin/mkdir
ac_cv_prog_AWK=mawk
ac_cv_prog_ac_ct_CC=gcc
ac_cv_prog_cc_c89=
ac_cv_prog_cc_g=yes
ac_cv_prog_cc_gcc_c_o=yes
ac_cv_prog_make_make_set=yes
am_cv_CC_dependencies_compiler_type=gcc3

## ----------------- ##
## Output variables. ##
## ----------------- ##

ACLOCAL='${SHELL} /home/cjb/git/wikipedia-iphone/c/missing --run aclocal-1.10'
AMDEPBACKSLASH='\'
AMDEP_FALSE='#'
AMDEP_TRUE=''
AMTAR='${SHELL} /home/cjb/git/wikipedia-iphone/c/missing --run tar'
AUTOCONF='${SHELL} /home/cjb/git/wikipedia-iphone/c/missing --run autoconf'
AUTOHEADER='${SHELL} /home/cjb/git/wikipedia-iphone/c/missing --run autoheader'
AUTOMAKE='${SHELL} /home/cjb/git/wikipedia-iphone/c/missing --run automake-1.10'
AWK='mawk'
CC='gcc'
CCDEPMODE='depmode=gcc3'
CFLAGS='-g -O2'
CPPFLAGS=''
CYGPATH_W='echo'
DEFS='-DPACKAGE_NAME=\"wp\" -DPACKAGE_TARNAME=\"wp\" -DPACKAGE_VERSION=\"0.1\" -DPACKAGE_STRING=\"wp\ 0.1\" -DPACKAGE_BUGREPORT=\"\" -DPACKAGE=\"wp\" -DVERSION=\"0.1\" -DHAVE_LIBBZ2=1 -DHAVE_LIBNCURSES=1'
DEPDIR='.deps'
ECHO_C=''
ECHO_N='-n'
ECHO_T=''
EXEEXT=''
INSTALL_DATA='${INSTALL} -m 644'
INSTALL_PROGRAM='${INSTALL}'
INSTALL_SCRIPT='${INSTALL}'
INSTALL_STRIP_PROGRAM='$(install_sh) -c -s'
LDFLAGS=''
LIBOBJS=''
LIBS='-lncurses -lbz2 '
LTLIBOBJS=''
MAKEINFO='${SHELL} /home/cjb/git/wikipedia-iphone/c/missing --run makeinfo'
OBJEXT='o'
PACKAGE='wp'
PACKAGE_BUGREPORT=''
PACKAGE_NAME='wp'
PACKAGE_STRING='wp 0.1'
PACKAGE_TARNAME='wp'
PACKAGE_VERSION='0.1'
PATH_SEPARATOR=':'
SET_MAKE=''
SHELL='/bin/bash'
STRIP=''
VERSION='0.1'
ac_ct_CC='gcc'
am__fastdepCC_FALSE='#'
am__fastdepCC_TRUE=''
am__include='include'
am__isrc=''
am__leading_dot='.'
am__quote=''
am__tar='${AMTAR} chof - "$$tardir"'
am__untar='${AMTAR} xf -'
bindir='${exec_prefix}/bin'
build_alias=''
datadir='${datarootdir}'
datarootdir='${prefix}/share'
docdir='${datarootdir}/doc/${PACKAGE_TARNAME}'
dvidir='${docdir}'
exec_prefix='${prefix}'
host_alias=''
htmldir='${docdir}'
includedir='${prefix}/include'
infodir='${datarootdir}/info'
install_sh='$(SHELL) /home/cjb/git/wikipedia-iphone/c/install-sh'
libdir='${exec_prefix}/lib'
libexecdir='${exec_prefix}/libexec'
localedir='${datarootdir}/locale'
localstatedir='${prefix}/var'
mandir='${datarootdir}/man'
mkdir_p='/bin/mkdir -p'
oldincludedir='/usr/include'
pdfdir='${docdir}'
prefix='/usr/local'
program_transform_name='s,x,x,'
psdir='${docdir}'
sbindir='${exec_prefix}/sbin'
sharedstatedir='${prefix}/com'
sysconfdir='${prefix}/etc'
target_alias=''

## ----------- ##
## confdefs.h. ##
## ----------- ##

#define PACKAGE_NAME "wp"
#define PACKAGE_TARNAME "wp"
#define PACKAGE_VERSION "0.1"
#define PACKAGE_STRING "wp 0.1"
#define PACKAGE_BUGREPORT ""
#define PACKAGE "wp"
#define VERSION "0.1"
#define HAVE_LIBBZ2 1
#define HAVE_LIBNCURSES 1

configure: exit 0
